[2020-03-29 20:22:31.190] [INFO] Servidor escuchando en el puerto 4000
[2020-03-29 20:23:05.490] [INFO] Server listening on port 4000
[2020-03-29 20:38:28.603] [INFO] Server listening on port 4000
[2020-03-29 20:44:17.043] [INFO] Server listening on port 4000
[2020-03-29 20:45:05.390] [INFO] Server listening on port 4000
[2020-03-29 20:48:45.124] [INFO] Server listening on port 4000
[2020-03-29 20:50:55.095] [INFO] Server listening on port 4000
[2020-03-29 20:52:05.219] [INFO] Server listening on port 4000
[2020-03-29 20:52:24.308] [INFO] Server listening on port 4000
[2020-03-29 20:56:17.783] [INFO] Server listening on port 4000
[2020-03-29 20:57:46.110] [INFO] Server listening on port 4000
[2020-03-29 21:05:33.452] [INFO] Server listening on port 4000
[2020-03-29 21:09:38.342] [INFO] Server listening on port 4000
[2020-03-29 21:12:46.595] [INFO] Server listening on port 4000
[2020-03-29 21:12:46.695] [INFO] MongoDB database connection established successfully
[2020-03-29 21:18:52.256] [INFO] Server listening on port 4000
[2020-03-29 21:18:52.358] [INFO] MongoDB database connection established successfully
[2020-03-29 22:12:40.603] [INFO] Server listening on port 4000
[2020-03-29 22:12:40.702] [INFO] MongoDB database connection established successfully
[2020-03-29 22:14:13.784] [INFO] Server listening on port 4000
[2020-03-29 22:14:13.939] [INFO] MongoDB database connection established successfully
[2020-03-29 22:15:08.167] [INFO] Server listening on port 4000
[2020-03-29 22:15:08.247] [INFO] MongoDB database connection established successfully
[2020-03-29 22:18:17.363] [INFO] Server listening on port 4000
[2020-03-29 22:18:17.521] [INFO] MongoDB database connection established successfully
[2020-03-29 22:18:35.742] [INFO] Server listening on port 4000
[2020-03-29 22:18:35.852] [INFO] MongoDB database connection established successfully
[2020-03-29 22:23:50.288] [INFO] Server listening on port 4000
[2020-03-29 22:23:50.602] [INFO] MongoDB database connection established successfully
[2020-03-29 22:27:33.780] [INFO] {"user_firstname":"Juan","user_lastname":"Bas","user_nickname":"JBas","user_password":"rojo"}
[2020-03-29 22:28:28.022] [INFO] Server listening on port 4000
[2020-03-29 22:28:28.096] [INFO] MongoDB database connection established successfully
[2020-03-29 22:28:46.918] [INFO] {"user_firstname":"Juan","user_lastname":"Bas","user_nickname":"JBas","user_password":"rojo"}
[2020-03-29 22:32:20.718] [INFO] Server listening on port 4000
[2020-03-29 22:32:20.801] [INFO] MongoDB database connection established successfully
[2020-03-29 22:33:06.215] [INFO] {"_id":"5e812222dccf850e31ae1713","user_firstname":"Juan","user_lastname":"Bas","user_nickname":"JBas","user_password":"rojo"}
[2020-03-29 22:36:47.810] [INFO] Server listening on port 4000
[2020-03-29 22:36:47.985] [INFO] MongoDB database connection established successfully
[2020-03-29 22:37:03.237] [INFO] {"_id":"5e81230f40645a0efc310f9c","user_firstname":"Juan","user_lastname":"Bas","user_nickname":"JBas","user_password":"rojo"}
[2020-03-29 22:37:03.542] [ERROR] Cannot set headers after they are sent to the client
[2020-03-30 00:10:41.876] [INFO] Server listening on port 4000
[2020-03-30 00:10:42.043] [INFO] MongoDB database connection established successfully
[2020-03-30 00:15:43.758] [INFO] Server listening on port 4000
[2020-03-30 00:15:43.867] [INFO] MongoDB database connection established successfully
[2020-03-30 00:20:49.686] [INFO] Server listening on port 4000
[2020-03-30 00:20:49.827] [INFO] MongoDB database connection established successfully
[2020-03-30 01:07:42.809] [INFO] MongoDB database connection established successfully
[2020-03-30 01:42:20.201] [INFO] MongoDB database connection established successfully
[2020-03-30 01:42:40.416] [INFO] MongoDB database connection established successfully
[2020-03-30 12:50:56.344] [INFO] MongoDB database connection established successfully
[2020-03-30 13:01:43.061] [INFO] MongoDB database connection established successfully
[2020-03-30 13:02:23.340] [INFO] MongoDB database connection established successfully
[2020-03-30 13:06:06.426] [INFO] MongoDB database connection established successfully
[2020-03-30 13:06:34.700] [INFO] MongoDB database connection established successfully
[2020-03-30 13:06:59.058] [INFO] MongoDB database connection established successfully
[2020-03-30 13:07:39.776] [INFO] MongoDB database connection established successfully
[2020-03-30 13:08:20.871] [INFO] MongoDB database connection established successfully
[2020-03-30 13:09:03.601] [INFO] MongoDB database connection established successfully
[2020-03-30 13:10:38.240] [INFO] MongoDB database connection established successfully
[2020-03-30 13:12:12.336] [INFO] MongoDB database connection established successfully
[2020-03-30 13:13:25.573] [INFO] MongoDB database connection established successfully
[2020-03-30 13:14:00.148] [INFO] MongoDB database connection established successfully
[2020-03-30 13:29:30.337] [INFO] MongoDB database connection established successfully
[2020-03-30 13:39:52.723] [INFO] MongoDB database connection established successfully
[2020-03-30 13:40:17.921] [INFO] MongoDB database connection established successfully
[2020-03-30 13:41:08.540] [INFO] MongoDB database connection established successfully
[2020-03-30 13:55:41.921] [INFO] MongoDB database connection established successfully
[2020-03-30 13:57:34.342] [INFO] MongoDB database connection established successfully
[2020-03-30 13:59:08.710] [INFO] MongoDB database connection established successfully
[2020-03-30 13:59:48.714] [INFO] MongoDB database connection established successfully
[2020-03-30 14:00:23.807] [INFO] MongoDB database connection established successfully
[2020-03-30 14:01:42.296] [INFO] MongoDB database connection established successfully
[2020-03-30 15:53:44.063] [INFO] MongoDB database connection established successfully
[2020-03-30 15:55:11.578] [INFO] MongoDB database connection established successfully
[2020-03-30 16:03:13.872] [INFO] MongoDB database connection established successfully
[2020-03-30 16:09:04.795] [INFO] MongoDB database connection established successfully
[2020-03-30 16:38:36.761] [INFO] MongoDB database connection established successfully
[2020-03-30 16:41:04.240] [INFO] MongoDB database connection established successfully
[2020-03-30 16:45:17.283] [INFO] MongoDB database connection established successfully
[2020-03-30 16:54:57.547] [INFO] MongoDB database connection established successfully
[2020-03-30 16:56:16.821] [INFO] MongoDB database connection established successfully
[2020-03-30 17:03:10.641] [INFO] MongoDB database connection established successfully
[2020-03-30 17:07:12.767] [INFO] MongoDB database connection established successfully
[2020-03-30 17:09:21.878] [INFO] MongoDB database connection established successfully
[2020-03-30 17:14:00.266] [INFO] MongoDB database connection established successfully
[2020-03-30 23:03:53.748] [INFO] MongoDB database connection established successfully
[2020-03-31 12:58:26.686] [INFO] MongoDB database connection established successfully
[2020-03-31 15:43:44.181] [INFO] MongoDB database connection established successfully
